Start testing: Oct 02 12:54 AUS Eastern Standard Time
----------------------------------------------------------
1/1 Testing: LibTests
1/1 Test: LibTests
Command: "C:/Users/ash.henson/OneDrive - Hydrix/Documents/neural networks/neural networks/build/test/LibTests.exe"
Directory: C:/Users/ash.henson/OneDrive - Hydrix/Documents/neural networks/neural networks/build/test
"LibTests" start time: Oct 02 12:54 AUS Eastern Standard Time
Output:
----------------------------------------------------------
Running main() from C:\Users\ash.henson\OneDrive - Hydrix\Documents\neural networks\neural networks\googletest\googletest\src\gtest_main.cc
[==========] Running 4 tests from 1 test suite.
[----------] Global test environment set-up.
[----------] 4 tests from LinkedStackTests
[ RUN      ] LinkedStackTests.pop_on_empty_1
[       OK ] LinkedStackTests.pop_on_empty_1 (1 ms)
[ RUN      ] LinkedStackTests.pop_on_empty_2
[       OK ] LinkedStackTests.pop_on_empty_2 (0 ms)
[ RUN      ] LinkedStackTests.push_and_pop
[       OK ] LinkedStackTests.push_and_pop (0 ms)
[ RUN      ] LinkedStackTests.isEmpty
[       OK ] LinkedStackTests.isEmpty (0 ms)
[----------] 4 tests from LinkedStackTests (1 ms total)

[----------] Global test environment tear-down
[==========] 4 tests from 1 test suite ran. (2 ms total)
[  PASSED  ] 4 tests.
<end of output>
Test time =   0.03 sec
----------------------------------------------------------
Test Passed.
"LibTests" end time: Oct 02 12:54 AUS Eastern Standard Time
"LibTests" time elapsed: 00:00:00
----------------------------------------------------------

End testing: Oct 02 12:54 AUS Eastern Standard Time
