<?xml version="1.0" encoding="UTF-8"?>
<Site BuildName="(empty)"
	BuildStamp="20211002-0254-Experimental"
	Name="(empty)"
	Generator="ctest-3.21.2"
	CompilerName=""
	CompilerVersion=""
	OSName="Windows"
	Hostname="ALLNB-097"
	OSRelease=" Professional"
	OSVersion=" (Build 17763)"
	OSPlatform="AMD64"
	Is64Bits="1"
	VendorString=""
	VendorID="Unknown Manufacturer"
	FamilyID="0"
	ModelID="0"
	ProcessorCacheSize="0"
	NumberOfLogicalCPU="4"
	NumberOfPhysicalCPU="2"
	TotalVirtualMemory="31454"
	TotalPhysicalMemory="16264"
	LogicalProcessorsPerPhysical="2"
	ProcessorClockFrequency="2808"
	>
	<Testing>
		<StartDateTime>Oct 02 12:54 AUS Eastern Standard Time</StartDateTime>
		<StartTestTime>1633143244</StartTestTime>
		<TestList>
			<Test>./test/LibTests</Test>
		</TestList>
		<Test Status="passed">
			<Name>LibTests</Name>
			<Path>./test</Path>
			<FullName>./test/LibTests</FullName>
			<FullCommandLine>"C:\Users\ash.henson\OneDrive - Hydrix\Documents\neural networks\neural networks\build\test\LibTests.exe"</FullCommandLine>
			<Results>
				<NamedMeasurement type="numeric/double" name="Execution Time">
					<Value>0.0275044</Value>
				</NamedMeasurement>
				<NamedMeasurement type="numeric/double" name="Processors">
					<Value>1</Value>
				</NamedMeasurement>
				<NamedMeasurement type="text/string" name="Completion Status">
					<Value>Completed</Value>
				</NamedMeasurement>
				<NamedMeasurement type="text/string" name="Command Line">
					<Value>"C:\Users\ash.henson\OneDrive - Hydrix\Documents\neural networks\neural networks\build\test\LibTests.exe"</Value>
				</NamedMeasurement>
				<NamedMeasurement type="text/string" name="Environment">
					<Value>#CTEST_RESOURCE_GROUP_COUNT=</Value>
				</NamedMeasurement>
				<Measurement>
					<Value encoding="base64" compression="gzip">eJyVUk1vgzAMvfMrfKQH0EA7TdphWqtN2rRO7XqCCmXgQVRwUBza9d+PQFX1QxPUJzt+ee858aIhkpRDJSS5E/jRqoLnh3jFqDkWXPgFEiuK54RTLbcIHrzuMy1/46lKmwrJcEzYaFECodkpvbmuc6XyEg2yOU1Zp3Fus8Rq+2nqRI/HWMPiYOweLIZ7Z0FXADfSoO9E3jHW8FKq71a06yNtpVZk3QGj8Zr6AnxG+i5pg9nSiHTzZU+dCBarD+hifdX1a1UnihKsarNPghbcx/xtGAxuABVPbhEIbxEIwb0bI9BwkQjKkvbyEP0JdBy55Jn1MsB7QB0pR39O/4RglBHlxBm3AgaF9jK1o/MN+3ezQAvywQ1PhNppPp+Wy9nUzny46Dt/rP8PiQ==</Value>
				</Measurement>
			</Results>
		</Test>
		<EndDateTime>Oct 02 12:54 AUS Eastern Standard Time</EndDateTime>
		<EndTestTime>1633143244</EndTestTime>
		<ElapsedMinutes>0</ElapsedMinutes>
	</Testing>
</Site>
